<?xml version="1.0" encoding="UTF-8"?>
<testsuite name="ca.uqam.unittests.LouerVoitureClientEnregistreTest" time="1.231" tests="4" errors="4" skipped="0" failures="0">
  <properties>
[...]
</properties>
  <testcase name="verifierClientTest" classname="ca.uqam.unittests.LouerVoitureClientEnregistreTest" time="0.354">
    <error type="java.lang.NullPointerException:">java.lang.NullPointerException: null
	at ca.uqam.unittests.LouerVoitureClientEnregistreTest.verifierClientTest(LouerVoitureClientEnregistreTest.java:69)
</error>
    <system-out><![CDATA[
  .   ____          _            __ _ _
 /\\ / ___'_ __ _ _(_)_ __  __ _ \ \ \ \
( ( )\___ | '_ | '_| | '_ \/ _` | \ \ \ \
 \\/  ___)| |_)| | | | | || (_| |  ) ) ) )
  '  |____| .__|_| |_|_| |_\__, | / / / /
 =========|_|==============|___/=/_/_/_/
 :: Spring Boot ::        (v1.4.2.RELEASE)

2016-12-05 14:33:27.821  INFO 5115 --- [           main] o.a.maven.surefire.booter.ForkedBooter   : Starting ForkedBooter v2.18.1 on Koubouras-Air.lan with PID 5115 (started by koubouramama in /Users/koubouramama/Documents/workspace/GestionLocations)
2016-12-05 14:33:27.827  INFO 5115 --- [           main] o.a.maven.surefire.booter.ForkedBooter   : No active profile set, falling back to default profiles: default
2016-12-05 14:33:28.371  INFO 5115 --- [           main] s.c.a.AnnotationConfigApplicationContext : Refreshing org.springframework.context.annotation.AnnotationConfigApplicationContext@7c7a06ec: startup date [Mon Dec 05 14:33:28 EST 2016]; root of context hierarchy
2016-12-05 14:33:29.006  INFO 5115 --- [           main] f.a.AutowiredAnnotationBeanPostProcessor : JSR-330 'javax.inject.Inject' annotation found and supported for autowiring
2016-12-05 14:33:29.597  INFO 5115 --- [           main] j.LocalContainerEntityManagerFactoryBean : Building JPA container EntityManagerFactory for persistence unit 'default'
2016-12-05 14:33:29.621  INFO 5115 --- [           main] o.hibernate.jpa.internal.util.LogHelper  : HHH000204: Processing PersistenceUnitInfo [
	name: default
	...]
2016-12-05 14:33:29.789  INFO 5115 --- [           main] org.hibernate.Version                    : HHH000412: Hibernate Core {5.0.11.Final}
2016-12-05 14:33:29.794  INFO 5115 --- [           main] org.hibernate.cfg.Environment            : HHH000206: hibernate.properties not found
2016-12-05 14:33:29.797  INFO 5115 --- [           main] org.hibernate.cfg.Environment            : HHH000021: Bytecode provider name : javassist
2016-12-05 14:33:29.886  INFO 5115 --- [           main] o.hibernate.annotations.common.Version   : HCANN000001: Hibernate Commons Annotations {5.0.1.Final}
2016-12-05 14:33:30.637  INFO 5115 --- [           main] org.hibernate.dialect.Dialect            : HHH000400: Using dialect: org.hibernate.dialect.H2Dialect
2016-12-05 14:33:32.115  INFO 5115 --- [           main] org.hibernate.tool.hbm2ddl.SchemaUpdate  : HHH000228: Running hbm2ddl schema update
2016-12-05 14:33:32.309  INFO 5115 --- [           main] j.LocalContainerEntityManagerFactoryBean : Initialized JPA EntityManagerFactory for persistence unit 'default'
2016-12-05 14:33:33.185  INFO 5115 --- [           main] o.a.maven.surefire.booter.ForkedBooter   : Started ForkedBooter in 5.973 seconds (JVM running for 6.797)
2016-12-05 14:33:33.225  INFO 5115 --- [           main] o.h.h.i.QueryTranslatorFactoryInitiator  : HHH000397: Using ASTQueryTranslatorFactory
]]></system-out>
  </testcase>
  <testcase name="loueVoitureTest" classname="ca.uqam.unittests.LouerVoitureClientEnregistreTest" time="0.002">
    <error type="java.lang.NullPointerException:">java.lang.NullPointerException: null
	at ca.uqam.unittests.LouerVoitureClientEnregistreTest.loueVoitureTest(LouerVoitureClientEnregistreTest.java:75)
</error>
  </testcase>
  <testcase name="retrouverVehiculeTest" classname="ca.uqam.unittests.LouerVoitureClientEnregistreTest" time="0.005">
    <error type="java.lang.NullPointerException:">java.lang.NullPointerException: null
	at ca.uqam.unittests.LouerVoitureClientEnregistreTest.retrouverVehiculeTest(LouerVoitureClientEnregistreTest.java:63)
</error>
  </testcase>
  <testcase name="voituresDisponiblesTest" classname="ca.uqam.unittests.LouerVoitureClientEnregistreTest" time="0.87">
    <error type="java.lang.NullPointerException:">java.lang.NullPointerException: null
	at ca.uqam.unittests.LouerVoitureClientEnregistreTest.voituresDisponiblesTest(LouerVoitureClientEnregistreTest.java:57)
</error>
    <system-out><![CDATA[
  .   ____          _            __ _ _
 /\\ / ___'_ __ _ _(_)_ __  __ _ \ \ \ \
( ( )\___ | '_ | '_| | '_ \/ _` | \ \ \ \
 \\/  ___)| |_)| | | | | || (_| |  ) ) ) )
  '  |____| .__|_| |_|_| |_\__, | / / / /
 =========|_|==============|___/=/_/_/_/
 :: Spring Boot ::        (v1.4.2.RELEASE)

2016-12-05 14:33:33.697  INFO 5115 --- [           main] o.a.maven.surefire.booter.ForkedBooter   : Starting ForkedBooter v2.18.1 on Koubouras-Air.lan with PID 5115 (started by koubouramama in /Users/koubouramama/Documents/workspace/GestionLocations)
2016-12-05 14:33:33.698  INFO 5115 --- [           main] o.a.maven.surefire.booter.ForkedBooter   : No active profile set, falling back to default profiles: default
2016-12-05 14:33:33.704  INFO 5115 --- [           main] s.c.a.AnnotationConfigApplicationContext : Refreshing org.springframework.context.annotation.AnnotationConfigApplicationContext@7499eac7: startup date [Mon Dec 05 14:33:33 EST 2016]; root of context hierarchy
2016-12-05 14:33:33.896  INFO 5115 --- [           main] f.a.AutowiredAnnotationBeanPostProcessor : JSR-330 'javax.inject.Inject' annotation found and supported for autowiring
2016-12-05 14:33:33.988  INFO 5115 --- [           main] j.LocalContainerEntityManagerFactoryBean : Building JPA container EntityManagerFactory for persistence unit 'default'
2016-12-05 14:33:33.989  INFO 5115 --- [           main] o.hibernate.jpa.internal.util.LogHelper  : HHH000204: Processing PersistenceUnitInfo [
	name: default
	...]
2016-12-05 14:33:34.002  INFO 5115 --- [           main] org.hibernate.dialect.Dialect            : HHH000400: Using dialect: org.hibernate.dialect.H2Dialect
2016-12-05 14:33:34.109  INFO 5115 --- [           main] org.hibernate.tool.hbm2ddl.SchemaUpdate  : HHH000228: Running hbm2ddl schema update
2016-12-05 14:33:34.180  WARN 5115 --- [           main] o.h.j.i.EntityManagerFactoryRegistry     : HHH000436: Entity manager factory name (default) is already registered.  If entity manager will be clustered or passivated, specify a unique value for property 'hibernate.ejb.entitymanager_factory_name'
2016-12-05 14:33:34.180  INFO 5115 --- [           main] j.LocalContainerEntityManagerFactoryBean : Initialized JPA EntityManagerFactory for persistence unit 'default'
2016-12-05 14:33:34.411  INFO 5115 --- [           main] o.a.maven.surefire.booter.ForkedBooter   : Started ForkedBooter in 0.836 seconds (JVM running for 8.023)
2016-12-05 14:33:34.414  INFO 5115 --- [           main] o.h.h.i.QueryTranslatorFactoryInitiator  : HHH000397: Using ASTQueryTranslatorFactory
]]></system-out>
  </testcase>
</testsuite>