<?xml version="1.0" encoding="UTF-8"?>
<testsuite name="ca.uqam.unittests.RetournerVoitureTest" time="0.016" tests="1" errors="1" skipped="0" failures="0">
  <properties>
[...]
</properties>
  <testcase name="retournerVoitureTest" classname="ca.uqam.unittests.RetournerVoitureTest" time="0.016">
    <error type="java.lang.NullPointerException:">java.lang.NullPointerException: null
	at ca.uqam.unittests.RetournerVoitureTest.retournerVoitureTest(RetournerVoitureTest.java:52)
</error>
    <system-out><![CDATA[
  .   ____          _            __ _ _
 /\\ / ___'_ __ _ _(_)_ __  __ _ \ \ \ \
( ( )\___ | '_ | '_| | '_ \/ _` | \ \ \ \
 \\/  ___)| |_)| | | | | || (_| |  ) ) ) )
  '  |____| .__|_| |_|_| |_\__, | / / / /
 =========|_|==============|___/=/_/_/_/
 :: Spring Boot ::        (v1.4.2.RELEASE)

2016-12-05 14:33:34.690  INFO 5115 --- [           main] o.a.maven.surefire.booter.ForkedBooter   : Starting ForkedBooter v2.18.1 on Koubouras-Air.lan with PID 5115 (started by koubouramama in /Users/koubouramama/Documents/workspace/GestionLocations)
2016-12-05 14:33:34.690  INFO 5115 --- [           main] o.a.maven.surefire.booter.ForkedBooter   : No active profile set, falling back to default profiles: default
2016-12-05 14:33:34.695  INFO 5115 --- [           main] s.c.a.AnnotationConfigApplicationContext : Refreshing org.springframework.context.annotation.AnnotationConfigApplicationContext@9b47400: startup date [Mon Dec 05 14:33:34 EST 2016]; root of context hierarchy
2016-12-05 14:33:34.907  INFO 5115 --- [           main] f.a.AutowiredAnnotationBeanPostProcessor : JSR-330 'javax.inject.Inject' annotation found and supported for autowiring
2016-12-05 14:33:35.059  INFO 5115 --- [           main] j.LocalContainerEntityManagerFactoryBean : Building JPA container EntityManagerFactory for persistence unit 'default'
2016-12-05 14:33:35.060  INFO 5115 --- [           main] o.hibernate.jpa.internal.util.LogHelper  : HHH000204: Processing PersistenceUnitInfo [
	name: default
	...]
2016-12-05 14:33:35.089  INFO 5115 --- [           main] org.hibernate.dialect.Dialect            : HHH000400: Using dialect: org.hibernate.dialect.H2Dialect
2016-12-05 14:33:35.244  INFO 5115 --- [           main] org.hibernate.tool.hbm2ddl.SchemaUpdate  : HHH000228: Running hbm2ddl schema update
2016-12-05 14:33:35.325  WARN 5115 --- [           main] o.h.j.i.EntityManagerFactoryRegistry     : HHH000436: Entity manager factory name (default) is already registered.  If entity manager will be clustered or passivated, specify a unique value for property 'hibernate.ejb.entitymanager_factory_name'
2016-12-05 14:33:35.325  INFO 5115 --- [           main] j.LocalContainerEntityManagerFactoryBean : Initialized JPA EntityManagerFactory for persistence unit 'default'
2016-12-05 14:33:35.625  INFO 5115 --- [           main] o.a.maven.surefire.booter.ForkedBooter   : Started ForkedBooter in 1.174 seconds (JVM running for 9.237)
2016-12-05 14:33:35.628  INFO 5115 --- [           main] o.h.h.i.QueryTranslatorFactoryInitiator  : HHH000397: Using ASTQueryTranslatorFactory
]]></system-out>
  </testcase>
</testsuite>