<?xml version="1.0" encoding="UTF-8"?><testsuite errors="0" failures="0" name="Cas de retours" skipped="0" tests="3" time="8.74" timestamp="2016-12-340 02:42:42"><testcase name="un client enregistre dans la base de donnees veut retourner une voiture alors qu'il n'a pas loue de voiture"/><testcase name="un client enregistre dans la base de donnees retourne une voiture qui n a pas ete loue"/><testcase name="un client retourne une voiture mais il n est pas celui qui a loue la voiture"/></testsuite>